WARNING: No password defined for JGroups cluster. AUTH protocol will be disabled. Please define JGROUPS_CLUSTER_PASSWORD.
WARNING: Environment variable OPENSHIFT_KUBE_PING_NAMESPACE undefined. Clustering will be unavailable. Please refer to the documentation for configuration.
INFO: Configuring JGroups discovery protocol to openshift.KUBE_PING
Using PicketBox SSL configuration.
Missing SSO_URL. Unable to properly configure SSO-enabled applications
Access log is disabled, ignoring configuration.
Running jboss-eap-7/eap70-openshift image, version 1.7
-Xms256m -Xmx256m -XX:+UseParallelGC -XX:MinHeapFreeRatio=20 -XX:MaxHeapFreeRatio=40 -XX:GCTimeRatio=4 -XX:AdaptiveSizePolicyWeight=90 -XX:MaxMetaspaceSize=100m -XX:ParallelGCThreads=1 -Djava.util.concurrent.ForkJoinPool.common.parallelism=1 -XX:CICompilerCount=2 -XX:+ExitOnOutOfMemoryError
=========================================================================

  JBoss Bootstrap Environment

  JBOSS_HOME: /opt/eap

  JAVA: /usr/lib/jvm/java-1.8.0/bin/java

  JAVA_OPTS:  -server -verbose:gc -Xloggc:"/opt/eap/standalone/log/gc.log" -XX:+PrintGCDetails -XX:+PrintGCDateStamps -XX:+UseGCLogFileRotation -XX:NumberOfGCLogFiles=5 -XX:GCLogFileSize=3M -XX:-TraceClassUnloading -Xms256m -Xmx256m -XX:MetaspaceSize=96M -XX:MaxMetaspaceSize=256m -Djava.net.preferIPv4Stack=true -Djboss.modules.system.pkgs=org.jboss.logmanager,jdk.nashorn.api -Djava.awt.headless=true -XX:+UseParallelGC -XX:MinHeapFreeRatio=20 -XX:MaxHeapFreeRatio=40 -XX:GCTimeRatio=4 -XX:AdaptiveSizePolicyWeight=90 -XX:ParallelGCThreads=1 -Djava.util.concurrent.ForkJoinPool.common.parallelism=1 -XX:CICompilerCount=2 -XX:+ExitOnOutOfMemoryError -Djava.security.egd=file:/dev/./urandom  -javaagent:/opt/jolokia/jolokia.jar=config=/opt/jolokia/etc/jolokia.properties -Xbootclasspath/p:/opt/eap/jboss-modules.jar:/opt/eap/modules/system/layers/base/.overlays/layer-base-jboss-eap-7.0.9.CP/org/jboss/logmanager/main/jboss-logmanager-2.0.7.Final-redhat-1.jar:/opt/eap/modules/system/layers/base/org/jboss/logmanager/ext/main/javax.json-1.0.4.jar:/opt/eap/modules/system/layers/base/org/jboss/logmanager/ext/main/jboss-logmanager-ext-1.0.0.Alpha2-redhat-1.jar -Djava.util.logging.manager=org.jboss.logmanager.LogManager

=========================================================================

13:32:56,655 INFO  [org.jboss.modules] (main) JBoss Modules version 1.5.4.Final-redhat-1
13:32:58,426 INFO  [org.jboss.msc] (main) JBoss MSC version 1.2.7.SP1-redhat-1
13:32:59,220 INFO  [org.jboss.as] (MSC service thread 1-8) WFLYSRV0049: JBoss EAP 7.0.9.GA (WildFly Core 2.1.20.Final-redhat-1) starting
13:32:59,221 DEBUG [org.jboss.as.config] (MSC service thread 1-8) Configured system properties:
	[Standalone] =
	activemq.artemis.client.global.scheduled.thread.pool.core.size = 5
	activemq.artemis.client.global.thread.pool.max.size = 8
	awt.toolkit = sun.awt.X11.XToolkit
	file.encoding = ANSI_X3.4-1968
	file.encoding.pkg = sun.io
	file.separator = /
	java.awt.graphicsenv = sun.awt.X11GraphicsEnvironment
	java.awt.headless = true
	java.awt.printerjob = sun.print.PSPrinterJob
	java.class.path = /opt/eap/jboss-modules.jar:/opt/jolokia/jolokia.jar
	java.class.version = 52.0
	java.endorsed.dirs = /usr/lib/jvm/java-1.8.0-openjdk-1.8.0.161-0.b14.el7_4.x86_64/jre/lib/endorsed
	java.ext.dirs = /usr/lib/jvm/java-1.8.0-openjdk-1.8.0.161-0.b14.el7_4.x86_64/jre/lib/ext:/usr/java/packages/lib/ext
	java.home = /usr/lib/jvm/java-1.8.0-openjdk-1.8.0.161-0.b14.el7_4.x86_64/jre
	java.io.tmpdir = /tmp
	java.library.path = /usr/java/packages/lib/amd64:/usr/lib64:/lib64:/lib:/usr/lib
	java.net.preferIPv4Stack = true
	java.runtime.name = OpenJDK Runtime Environment
	java.runtime.version = 1.8.0_161-b14
	java.security.egd = file:/dev/./urandom
	java.specification.name = Java Platform API Specification
	java.specification.vendor = Oracle Corporation
	java.specification.version = 1.8
	java.util.concurrent.ForkJoinPool.common.parallelism = 1
	java.util.logging.manager = org.jboss.logmanager.LogManager
	java.vendor = Oracle Corporation
	java.vendor.url = http://java.oracle.com/
	java.vendor.url.bug = http://bugreport.sun.com/bugreport/
	java.version = 1.8.0_161
	java.vm.info = mixed mode
	java.vm.name = OpenJDK 64-Bit Server VM
	java.vm.specification.name = Java Virtual Machine Specification
	java.vm.specification.vendor = Oracle Corporation
	java.vm.specification.version = 1.8
	java.vm.vendor = Oracle Corporation
	java.vm.version = 25.161-b14
	javax.management.builder.initial = org.jboss.as.jmx.PluggableMBeanServerBuilder
	javax.xml.datatype.DatatypeFactory = __redirected.__DatatypeFactory
	javax.xml.parsers.DocumentBuilderFactory = __redirected.__DocumentBuilderFactory
	javax.xml.parsers.SAXParserFactory = __redirected.__SAXParserFactory
	javax.xml.stream.XMLEventFactory = __redirected.__XMLEventFactory
	javax.xml.stream.XMLInputFactory = __redirected.__XMLInputFactory
	javax.xml.stream.XMLOutputFactory = __redirected.__XMLOutputFactory
	javax.xml.transform.TransformerFactory = __redirected.__TransformerFactory
	javax.xml.validation.SchemaFactory:http://www.w3.org/2001/XMLSchema  = __redirected.__SchemaFactory
	javax.xml.xpath.XPathFactory:http://java.sun.com/jaxp/xpath/dom  = __redirected.__XPathFactory
	jboss.bind.address = 10.1.11.132
	jboss.bind.address.management = 127.0.0.1
	jboss.bind.address.private = 10.1.11.132
	jboss.home.dir = /opt/eap
	jboss.host.name = mlbparks-blue-4-bzltl
	jboss.messaging.cluster.password = <redacted>
	jboss.modules.dir = /opt/eap/modules
	jboss.modules.system.pkgs = org.jboss.logmanager,jdk.nashorn.api
	jboss.node.name = mlbparks-blue-4-bzltl
	jboss.qualified.host.name = mlbparks-blue-4-bzltl
	jboss.server.base.dir = /opt/eap/standalone
	jboss.server.config.dir = /opt/eap/standalone/configuration
	jboss.server.data.dir = /opt/eap/standalone/data
	jboss.server.deploy.dir = /opt/eap/standalone/data/content
	jboss.server.log.dir = /opt/eap/standalone/log
	jboss.server.name = mlbparks-blue-4-bzltl
	jboss.server.persist.config = true
	jboss.server.temp.dir = /opt/eap/standalone/tmp
	line.separator =

	logging.configuration = file:/opt/eap/standalone/configuration/logging.properties
	module.path = /opt/eap/modules
	org.jboss.boot.log.file = /opt/eap/standalone/log/server.log
	org.jboss.resolver.warning = true
	org.xml.sax.driver = __redirected.__XMLReaderFactory
	os.arch = amd64
	os.name = Linux
	os.version = 3.10.0-862.el7.x86_64
	path.separator = :
	sun.arch.data.model = 64
	sun.boot.class.path = /opt/eap/jboss-modules.jar:/opt/eap/modules/system/layers/base/.overlays/layer-base-jboss-eap-7.0.9.CP/org/jboss/logmanager/main/jboss-logmanager-2.0.7.Final-redhat-1.jar:/opt/eap/modules/system/layers/base/org/jboss/logmanager/ext/main/javax.json-1.0.4.jar:/opt/eap/modules/system/layers/base/org/jboss/logmanager/ext/main/jboss-logmanager-ext-1.0.0.Alpha2-redhat-1.jar:/usr/lib/jvm/java-1.8.0-openjdk-1.8.0.161-0.b14.el7_4.x86_64/jre/lib/resources.jar:/usr/lib/jvm/java-1.8.0-openjdk-1.8.0.161-0.b14.el7_4.x86_64/jre/lib/rt.jar:/usr/lib/jvm/java-1.8.0-openjdk-1.8.0.161-0.b14.el7_4.x86_64/jre/lib/sunrsasign.jar:/usr/lib/jvm/java-1.8.0-openjdk-1.8.0.161-0.b14.el7_4.x86_64/jre/lib/jsse.jar:/usr/lib/jvm/java-1.8.0-openjdk-1.8.0.161-0.b14.el7_4.x86_64/jre/lib/jce.jar:/usr/lib/jvm/java-1.8.0-openjdk-1.8.0.161-0.b14.el7_4.x86_64/jre/lib/charsets.jar:/usr/lib/jvm/java-1.8.0-openjdk-1.8.0.161-0.b14.el7_4.x86_64/jre/lib/jfr.jar:/usr/lib/jvm/java-1.8.0-openjdk-1.8.0.161-0.b14.el7_4.x86_64/jre/classes
	sun.boot.library.path = /usr/lib/jvm/java-1.8.0-openjdk-1.8.0.161-0.b14.el7_4.x86_64/jre/lib/amd64
	sun.cpu.endian = little
	sun.cpu.isalist =
	sun.io.unicode.encoding = UnicodeLittle
	sun.java.command = /opt/eap/jboss-modules.jar -mp /opt/eap/modules org.jboss.as.standalone -Djboss.home.dir=/opt/eap -Djboss.server.base.dir=/opt/eap/standalone -c standalone-openshift.xml -bmanagement 127.0.0.1 -b 10.1.11.132 -bprivate 10.1.11.132 -Djboss.node.name=mlbparks-blue-4-bzltl -Djboss.messaging.cluster.password=HORNETQ_CLUSTER_PASSWORD -Dactivemq.artemis.client.global.thread.pool.max.size=8 -Dactivemq.artemis.client.global.scheduled.thread.pool.core.size=5
	sun.java.launcher = SUN_STANDARD
	sun.jnu.encoding = ANSI_X3.4-1968
	sun.management.compiler = HotSpot 64-Bit Tiered Compilers
	sun.os.patch.level = unknown
	user.country = US
	user.dir = /home/jboss
	user.home = /home/jboss
	user.language = en
	user.name = jboss
	user.timezone = UTC
13:32:59,222 DEBUG [org.jboss.as.config] (MSC service thread 1-8) VM Arguments: -D[Standalone] -verbose:gc -Xloggc:/opt/eap/standalone/log/gc.log -XX:+PrintGCDetails -XX:+PrintGCDateStamps -XX:+UseGCLogFileRotation -XX:NumberOfGCLogFiles=5 -XX:GCLogFileSize=3M -XX:-TraceClassUnloading -Xms256m -Xmx256m -XX:MetaspaceSize=96M -XX:MaxMetaspaceSize=256m -Djava.net.preferIPv4Stack=true -Djboss.modules.system.pkgs=org.jboss.logmanager,jdk.nashorn.api -Djava.awt.headless=true -XX:+UseParallelGC -XX:MinHeapFreeRatio=20 -XX:MaxHeapFreeRatio=40 -XX:GCTimeRatio=4 -XX:AdaptiveSizePolicyWeight=90 -XX:ParallelGCThreads=1 -Djava.util.concurrent.ForkJoinPool.common.parallelism=1 -XX:CICompilerCount=2 -XX:+ExitOnOutOfMemoryError -Djava.security.egd=file:/dev/./urandom -javaagent:/opt/jolokia/jolokia.jar=config=/opt/jolokia/etc/jolokia.properties -Xbootclasspath/p:/opt/eap/jboss-modules.jar:/opt/eap/modules/system/layers/base/.overlays/layer-base-jboss-eap-7.0.9.CP/org/jboss/logmanager/main/jboss-logmanager-2.0.7.Final-redhat-1.jar:/opt/eap/modules/system/layers/base/org/jboss/logmanager/ext/main/javax.json-1.0.4.jar:/opt/eap/modules/system/layers/base/org/jboss/logmanager/ext/main/jboss-logmanager-ext-1.0.0.Alpha2-redhat-1.jar -Djava.util.logging.manager=org.jboss.logmanager.LogManager -Dorg.jboss.boot.log.file=/opt/eap/standalone/log/server.log -Dlogging.configuration=file:/opt/eap/standalone/configuration/logging.properties
13:32:59,326 INFO  [stdout] (JolokiaStart) I> No access restrictor found, access to any MBean is allowed
13:32:59,431 INFO  [stdout] (JolokiaStart) Jolokia: Agent started with URL https://10.1.11.132:8778/jolokia/
13:33:06,832 INFO  [org.jboss.as.repository] (ServerService Thread Pool -- 28) WFLYDR0001: Content added at location /opt/eap/standalone/data/content/df/8632a3b2199c96366cc330755eb053687376eb/content
13:33:07,029 INFO  [org.jboss.as.repository] (ServerService Thread Pool -- 28) WFLYDR0001: Content added at location /opt/eap/standalone/data/content/e0/c893d7579a3345ae416d375d4a033f7ea4ca8c/content
13:33:07,041 INFO  [org.jboss.as.server] (Controller Boot Thread) WFLYSRV0039: Creating http management service using socket-binding (management-http)
13:33:07,041 WARN  [org.jboss.as.server] (Controller Boot Thread) WFLYSRV0035: No security realm defined for http management service; all access will be unrestricted.
13:33:07,220 INFO  [org.xnio] (MSC service thread 1-7) XNIO version 3.4.7.Final-redhat-1
13:33:07,228 INFO  [org.xnio.nio] (MSC service thread 1-7) XNIO NIO Implementation Version 3.4.7.Final-redhat-1
13:33:07,731 INFO  [org.jboss.as.clustering.jgroups] (ServerService Thread Pool -- 46) WFLYCLJG0001: Activating JGroups subsystem.
13:33:07,732 INFO  [org.jboss.as.clustering.infinispan] (ServerService Thread Pool -- 42) WFLYCLINF0001: Activating Infinispan subsystem.
13:33:07,920 INFO  [org.jboss.as.security] (ServerService Thread Pool -- 60) WFLYSEC0002: Activating Security Subsystem
13:33:07,920 INFO  [org.jboss.as.naming] (ServerService Thread Pool -- 53) WFLYNAM0001: Activating Naming Subsystem
13:33:07,926 INFO  [org.jboss.as.jsf] (ServerService Thread Pool -- 49) WFLYJSF0007: Activated the following JSF Implementations: [main]
13:33:08,020 INFO  [org.jboss.as.webservices] (ServerService Thread Pool -- 64) WFLYWS0002: Activating WebServices Extension
13:33:08,025 INFO  [org.wildfly.extension.io] (ServerService Thread Pool -- 41) WFLYIO001: Worker 'default' has auto-configured to 32 core threads with 256 task threads based on your 16 available processors
13:33:08,223 INFO  [org.jboss.as.security] (MSC service thread 1-5) WFLYSEC0001: Current PicketBox version=4.9.8.Final-redhat-1
13:33:08,225 INFO  [org.jboss.remoting] (MSC service thread 1-4) JBoss Remoting version 4.0.25.Final-redhat-1
13:33:08,320 INFO  [org.jboss.as.connector] (MSC service thread 1-7) WFLYJCA0009: Starting JCA Subsystem (WildFly/IronJacamar 1.3.8.Final-redhat-1)
13:33:08,625 INFO  [org.wildfly.extension.undertow] (MSC service thread 1-7) WFLYUT0003: Undertow 1.3.31.Final-redhat-3 starting
13:33:08,625 INFO  [org.wildfly.extension.undertow] (ServerService Thread Pool -- 63) WFLYUT0003: Undertow 1.3.31.Final-redhat-3 starting
13:33:08,725 INFO  [org.jboss.as.connector.subsystems.datasources] (ServerService Thread Pool -- 37) WFLYJCA0004: Deploying JDBC-compliant driver class org.h2.Driver (version 1.3)
13:33:08,825 INFO  [org.jboss.as.connector.deployers.jdbc] (MSC service thread 1-8) WFLYJCA0018: Started Driver service with driver-name = h2
13:33:08,924 INFO  [org.jboss.as.naming] (MSC service thread 1-7) WFLYNAM0003: Starting Naming Service
13:33:08,924 INFO  [org.jboss.as.mail.extension] (MSC service thread 1-1) WFLYMAIL0001: Bound mail session [java:jboss/mail/Default]
13:33:09,325 INFO  [org.jboss.as.connector.subsystems.datasources] (ServerService Thread Pool -- 37) WFLYJCA0005: Deploying non-JDBC-compliant driver class com.mysql.jdbc.Driver (version 5.1)
13:33:09,325 INFO  [org.jboss.as.connector.deployers.jdbc] (MSC service thread 1-4) WFLYJCA0018: Started Driver service with driver-name = mysql
13:33:09,626 INFO  [org.jboss.as.connector.subsystems.datasources] (ServerService Thread Pool -- 37) WFLYJCA0005: Deploying non-JDBC-compliant driver class org.postgresql.Driver (version 9.2)
13:33:09,627 INFO  [org.jboss.as.connector.deployers.jdbc] (MSC service thread 1-8) WFLYJCA0018: Started Driver service with driver-name = postgresql
13:33:10,521 INFO  [org.wildfly.extension.undertow] (ServerService Thread Pool -- 63) WFLYUT0014: Creating file handler for path '/opt/eap/welcome-content' with options [directory-listing: 'false', follow-symlink: 'false', case-sensitive: 'true', safe-symlink-paths: '[]']
13:33:10,623 INFO  [org.wildfly.extension.undertow] (MSC service thread 1-1) WFLYUT0012: Started server default-server.
13:33:10,625 INFO  [org.wildfly.extension.undertow] (MSC service thread 1-7) WFLYUT0018: Host default-host starting
13:33:11,022 INFO  [org.wildfly.extension.undertow] (MSC service thread 1-4) WFLYUT0006: Undertow AJP listener ajp listening on 10.1.11.132:8009
13:33:11,022 INFO  [org.wildfly.extension.undertow] (MSC service thread 1-1) WFLYUT0006: Undertow HTTP listener default listening on 10.1.11.132:8080
13:33:11,121 INFO  [org.jboss.modcluster] (ServerService Thread Pool -- 67) MODCLUSTER000001: Initializing mod_cluster version 1.3.3.Final-redhat-1
13:33:11,221 INFO  [org.jboss.modcluster] (ServerService Thread Pool -- 67) MODCLUSTER000032: Listening to proxy advertisements on /224.0.1.105:23364
13:33:11,826 INFO  [org.jboss.as.ejb3] (MSC service thread 1-1) WFLYEJB0482: Strict pool mdb-strict-max-pool is using a max instance size of 64 (per class), which is derived from the number of CPUs on this host.
13:33:11,826 INFO  [org.jboss.as.ejb3] (MSC service thread 1-4) WFLYEJB0481: Strict pool slsb-strict-max-pool is using a max instance size of 256 (per class), which is derived from thread worker pool sizing.
13:33:12,923 INFO  [org.jboss.as.connector.subsystems.datasources] (MSC service thread 1-1) WFLYJCA0001: Bound data source [java:jboss/datasources/ExampleDS]
13:33:13,625 INFO  [org.jboss.as.server.deployment.scanner] (MSC service thread 1-1) WFLYDS0013: Started FileSystemDeploymentService for directory /opt/eap/standalone/deployments
13:33:13,725 INFO  [org.jboss.as.server.deployment] (MSC service thread 1-7) WFLYSRV0027: Starting deployment of "activemq-rar.rar" (runtime-name: "activemq-rar.rar")
13:33:13,725 INFO  [org.jboss.as.server.deployment] (MSC service thread 1-5) WFLYSRV0027: Starting deployment of "mlbparks.war" (runtime-name: "mlbparks.war")
13:33:14,121 INFO  [org.jgroups.protocols.openshift.KUBE_PING] (MSC service thread 1-2) namespace not set; clustering disabled
13:33:14,630 INFO  [org.jboss.ws.common.management] (MSC service thread 1-3) JBWS022052: Starting JBossWS 5.1.8.Final-redhat-1 (Apache CXF 3.1.10.redhat-1)
13:33:18,325 INFO  [org.jboss.weld.deployer] (MSC service thread 1-2) WFLYWELD0003: Processing weld deployment mlbparks.war
13:33:18,527 INFO  [org.wildfly.extension.messaging-activemq] (MSC service thread 1-6) WFLYMSGAMQ0075: AIO wasn't located on this platform, it will fall back to using pure Java NIO. Your platform is Linux, install LibAIO to enable the AIO journal and achieve optimal performance.
13:33:19,624 INFO  [org.hibernate.validator.internal.util.Version] (MSC service thread 1-2) HV000001: Hibernate Validator 5.2.5.Final-redhat-2
13:33:19,723 INFO  [org.apache.activemq.artemis.core.server] (ServerService Thread Pool -- 67) AMQ221000: live Message Broker is starting with configuration Broker Configuration (clustered=true,journalDirectory=/opt/eap/standalone/data/activemq/journal,bindingsDirectory=/opt/eap/standalone/data/activemq/bindings,largeMessagesDirectory=/opt/eap/standalone/data/activemq/largemessages,pagingDirectory=/opt/eap/standalone/data/activemq/paging)
13:33:20,426 INFO  [org.apache.activemq.artemis.core.server] (ServerService Thread Pool -- 67) AMQ221013: Using NIO Journal
13:33:23,122 INFO  [org.apache.activemq.artemis.core.server] (ServerService Thread Pool -- 67) AMQ221043: Protocol module found: [artemis-server]. Adding protocol support for: CORE
13:33:23,224 INFO  [org.apache.activemq.artemis.core.server] (ServerService Thread Pool -- 67) AMQ221043: Protocol module found: [artemis-hornetq-protocol]. Adding protocol support for: HORNETQ
13:33:23,328 INFO  [org.jboss.weld.deployer] (MSC service thread 1-7) WFLYWELD0006: Starting Services for CDI deployment: mlbparks.war
13:33:24,428 INFO  [org.infinispan.remoting.transport.jgroups.JGroupsTransport] (MSC service thread 1-4) ISPN000078: Starting JGroups channel ejb
13:33:24,521 INFO  [org.infinispan.remoting.transport.jgroups.JGroupsTransport] (MSC service thread 1-1) ISPN000078: Starting JGroups channel web
13:33:24,521 INFO  [org.infinispan.remoting.transport.jgroups.JGroupsTransport] (MSC service thread 1-3) ISPN000078: Starting JGroups channel hibernate
13:33:24,521 INFO  [org.infinispan.remoting.transport.jgroups.JGroupsTransport] (MSC service thread 1-8) ISPN000078: Starting JGroups channel server
13:33:24,628 INFO  [org.jboss.weld.Version] (MSC service thread 1-7) WELD-000900: 2.3.3 (redhat)
13:33:24,721 INFO  [org.infinispan.remoting.transport.jgroups.JGroupsTransport] (MSC service thread 1-4) ISPN000094: Received new cluster view for channel ejb: [mlbparks-blue-4-bzltl|0] (1) [mlbparks-blue-4-bzltl]
13:33:24,721 INFO  [org.infinispan.remoting.transport.jgroups.JGroupsTransport] (MSC service thread 1-3) ISPN000094: Received new cluster view for channel hibernate: [mlbparks-blue-4-bzltl|0] (1) [mlbparks-blue-4-bzltl]
13:33:24,721 INFO  [org.infinispan.remoting.transport.jgroups.JGroupsTransport] (MSC service thread 1-8) ISPN000094: Received new cluster view for channel server: [mlbparks-blue-4-bzltl|0] (1) [mlbparks-blue-4-bzltl]
13:33:24,721 INFO  [org.infinispan.remoting.transport.jgroups.JGroupsTransport] (MSC service thread 1-1) ISPN000094: Received new cluster view for channel web: [mlbparks-blue-4-bzltl|0] (1) [mlbparks-blue-4-bzltl]
13:33:24,728 INFO  [org.infinispan.remoting.transport.jgroups.JGroupsTransport] (MSC service thread 1-8) ISPN000079: Channel server local address is mlbparks-blue-4-bzltl, physical addresses are [10.1.11.132:7600]
13:33:24,728 INFO  [org.infinispan.remoting.transport.jgroups.JGroupsTransport] (MSC service thread 1-1) ISPN000079: Channel web local address is mlbparks-blue-4-bzltl, physical addresses are [10.1.11.132:7600]
13:33:24,820 INFO  [org.infinispan.remoting.transport.jgroups.JGroupsTransport] (MSC service thread 1-3) ISPN000079: Channel hibernate local address is mlbparks-blue-4-bzltl, physical addresses are [10.1.11.132:7600]
13:33:24,820 INFO  [org.infinispan.remoting.transport.jgroups.JGroupsTransport] (MSC service thread 1-4) ISPN000079: Channel ejb local address is mlbparks-blue-4-bzltl, physical addresses are [10.1.11.132:7600]
13:33:24,923 INFO  [org.infinispan.factories.GlobalComponentRegistry] (MSC service thread 1-3) ISPN000128: Infinispan version: Infinispan 'Mahou' 8.1.8.Final-redhat-1
13:33:25,022 INFO  [org.wildfly.extension.messaging-activemq] (MSC service thread 1-8) WFLYMSGAMQ0016: Registered HTTP upgrade for activemq-remoting protocol handled by http-acceptor acceptor
13:33:25,022 INFO  [org.wildfly.extension.messaging-activemq] (MSC service thread 1-2) WFLYMSGAMQ0016: Registered HTTP upgrade for activemq-remoting protocol handled by http-acceptor-throughput acceptor
13:33:25,022 INFO  [org.wildfly.extension.messaging-activemq] (MSC service thread 1-4) WFLYMSGAMQ0016: Registered HTTP upgrade for activemq-remoting protocol handled by http-acceptor acceptor
13:33:25,022 INFO  [org.wildfly.extension.messaging-activemq] (MSC service thread 1-1) WFLYMSGAMQ0016: Registered HTTP upgrade for activemq-remoting protocol handled by http-acceptor-throughput acceptor
13:33:25,224 INFO  [org.jboss.weld.deployer] (MSC service thread 1-4) WFLYWELD0009: Starting weld service for deployment mlbparks.war
13:33:25,325 INFO  [org.infinispan.configuration.cache.EvictionConfigurationBuilder] (ServerService Thread Pool -- 66) ISPN000152: Passivation configured without an eviction policy being selected. Only manually evicted entities will be passivated.
13:33:25,327 INFO  [org.infinispan.configuration.cache.EvictionConfigurationBuilder] (ServerService Thread Pool -- 66) ISPN000152: Passivation configured without an eviction policy being selected. Only manually evicted entities will be passivated.
13:33:25,421 INFO  [org.infinispan.configuration.cache.EvictionConfigurationBuilder] (ServerService Thread Pool -- 69) ISPN000152: Passivation configured without an eviction policy being selected. Only manually evicted entities will be passivated.
13:33:25,421 INFO  [org.infinispan.configuration.cache.EvictionConfigurationBuilder] (ServerService Thread Pool -- 69) ISPN000152: Passivation configured without an eviction policy being selected. Only manually evicted entities will be passivated.
13:33:25,421 INFO  [org.infinispan.configuration.cache.EvictionConfigurationBuilder] (ServerService Thread Pool -- 66) ISPN000152: Passivation configured without an eviction policy being selected. Only manually evicted entities will be passivated.
13:33:25,422 INFO  [org.infinispan.configuration.cache.EvictionConfigurationBuilder] (ServerService Thread Pool -- 66) ISPN000152: Passivation configured without an eviction policy being selected. Only manually evicted entities will be passivated.
13:33:26,227 INFO  [org.apache.activemq.artemis.core.server] (ServerService Thread Pool -- 67) AMQ221007: Server is now live
13:33:26,228 INFO  [org.apache.activemq.artemis.core.server] (ServerService Thread Pool -- 67) AMQ221001: Apache ActiveMQ Artemis Message Broker version 1.1.0.SP24-redhat-1 [nodeID=49ad007c-94c6-11e8-adf6-a3341157da7e]
13:33:26,521 INFO  [org.wildfly.extension.messaging-activemq] (ServerService Thread Pool -- 67) WFLYMSGAMQ0002: Bound messaging object to jndi name java:/ConnectionFactory
13:33:26,821 INFO  [org.wildfly.extension.messaging-activemq] (ServerService Thread Pool -- 70) WFLYMSGAMQ0002: Bound messaging object to jndi name java:jboss/exported/jms/RemoteConnectionFactory
13:33:26,822 INFO  [org.apache.activemq.artemis.core.server] (ServerService Thread Pool -- 72) AMQ221003: trying to deploy queue jms.queue.DLQ
13:33:27,525 INFO  [org.apache.activemq.artemis.core.server] (ServerService Thread Pool -- 71) AMQ221003: trying to deploy queue jms.queue.ExpiryQueue
13:33:27,921 INFO  [org.jboss.as.connector.deployers.RADeployer] (MSC service thread 1-6) IJ020001: Required license terms for file:/opt/eap/standalone/tmp/vfs/temp/tempd848e802b07294ac/content-77dc323522af11d2/contents/
13:33:28,121 INFO  [org.jboss.as.connector.deployment] (MSC service thread 1-3) WFLYJCA0007: Registered connection factory java:/JmsXA
13:33:28,524 WARN  [org.jboss.as.connector.deployers.RADeployer] (MSC service thread 1-6) IJ020017: Invalid archive: file:/opt/eap/standalone/tmp/vfs/temp/tempd848e802b07294ac/content-77dc323522af11d2/contents/
13:33:28,823 INFO  [org.apache.activemq.artemis.ra] (MSC service thread 1-3) Resource adaptor started
13:33:28,823 INFO  [org.jboss.as.connector.services.resourceadapters.ResourceAdapterActivatorService$ResourceAdapterActivator] (MSC service thread 1-3) IJ020002: Deployed: file://RaActivatoractivemq-ra
13:33:28,825 INFO  [org.jboss.as.connector.deployment] (MSC service thread 1-5) WFLYJCA0002: Bound JCA ConnectionFactory [java:/JmsXA]
13:33:28,825 INFO  [org.wildfly.extension.messaging-activemq] (MSC service thread 1-8) WFLYMSGAMQ0002: Bound messaging object to jndi name java:jboss/DefaultJMSConnectionFactory
13:33:29,124 INFO  [org.jboss.as.clustering.infinispan] (ServerService Thread Pool -- 66) WFLYCLINF0002: Started routing cache from web container
13:33:29,124 INFO  [org.jboss.as.clustering.infinispan] (ServerService Thread Pool -- 69) WFLYCLINF0002: Started mlbparks.war cache from web container
13:33:36,238 INFO  [org.jboss.resteasy.resteasy_jaxrs.i18n] (ServerService Thread Pool -- 71) RESTEASY002225: Deploying javax.ws.rs.core.Application: class com.openshift.evg.roadshow.rest.MLBParksApplication
13:33:36,522 INFO  [org.wildfly.extension.undertow] (ServerService Thread Pool -- 71) WFLYUT0021: Registered web context: /
13:33:36,723 INFO  [org.jboss.as.server] (ServerService Thread Pool -- 38) WFLYSRV0010: Deployed "mlbparks.war" (runtime-name : "mlbparks.war")
13:33:36,723 INFO  [org.jboss.as.server] (ServerService Thread Pool -- 38) WFLYSRV0010: Deployed "activemq-rar.rar" (runtime-name : "activemq-rar.rar")
13:33:37,331 INFO  [org.jboss.as] (Controller Boot Thread) WFLYSRV0060: Http management interface listening on http://127.0.0.1:9990/management
13:33:37,331 INFO  [org.jboss.as] (Controller Boot Thread) WFLYSRV0054: Admin console is not enabled
13:33:37,331 INFO  [org.jboss.as] (Controller Boot Thread) WFLYSRV0025: JBoss EAP 7.0.9.GA (WildFly Core 2.1.20.Final-redhat-1) started in 41702ms - Started 503 of 831 services (510 services are lazy, passive or on-demand)
13:35:10,952 INFO  [stdout] (default task-3) [INFO] load()
13:35:10,952 INFO  [stdout] (default task-3) [DEBUG] MongoDBConnection.loadParks()
13:35:10,953 INFO  [stdout] (default task-3) [DEBUG] MongoDBConnection.loadParks(InputStream)
13:35:11,221 INFO  [stdout] (default task-3) [DEBUG] MongoDBConnection.connect()
13:35:11,222 INFO  [stdout] (default task-3) DB_HOST=mongodb
13:35:11,222 INFO  [stdout] (default task-3) DB_PORT=mongodb
13:35:11,222 INFO  [stdout] (default task-3) DB_USERNAME=mongodb
13:35:11,222 INFO  [stdout] (default task-3) DB_PASSWORD=mongodb
13:35:11,222 INFO  [stdout] (default task-3) DB_NAME=parks
13:35:11,224 INFO  [stdout] (default task-3) [DEBUG] Connecting to a Replica Set MongoDB: mongodb://mongodb:mongodb@mongodb:27017/?authSource=parks&replicaSet=rs0
13:35:11,427 INFO  [org.mongodb.driver.cluster] (default task-3) Cluster created with settings {hosts=[mongodb:27017], mode=MULTIPLE, requiredClusterType=REPLICA_SET, serverSelectionTimeout='30000 ms', maxWaitQueueSize=500, requiredReplicaSetName='rs0'}
13:35:11,427 INFO  [org.mongodb.driver.cluster] (default task-3) Adding discovered server mongodb:27017 to client view of cluster
13:35:11,527 INFO  [stdout] (default task-3) [DEBUG] MongoDBConnection.init(...)
13:35:11,537 INFO  [org.mongodb.driver.cluster] (default task-3) No server chosen by ReadPreferenceServerSelector{readPreference=primary} from cluster description ClusterDescription{type=REPLICA_SET, connectionMode=MULTIPLE, all=[ServerDescription{address=mongodb:27017, type=UNKNOWN, state=CONNECTING}]}. Waiting for 30000 ms before timing out
13:35:11,838 INFO  [org.mongodb.driver.connection] (cluster-ClusterId{value='5b60658fd1ab2301e2d259d9', description='null'}-mongodb:27017) Opened connection [connectionId{localValue:1, serverValue:30}] to mongodb:27017
13:35:11,921 INFO  [org.mongodb.driver.cluster] (cluster-ClusterId{value='5b60658fd1ab2301e2d259d9', description='null'}-mongodb:27017) Monitor thread successfully connected to server with description ServerDescription{address=mongodb:27017, type=REPLICA_SET_SECONDARY, state=CONNECTED, ok=true, version=ServerVersion{versionList=[3, 2, 10]}, minWireVersion=0, maxWireVersion=4, maxDocumentSize=16777216, roundTripTimeNanos=81581678, setName='rs0', canonicalAddress=mongodb-1.mongodb-internal.ddibarto-parks-prod.svc.cluster.local:27017, hosts=[mongodb-0.mongodb-internal.ddibarto-parks-prod.svc.cluster.local:27017, mongodb-1.mongodb-internal.ddibarto-parks-prod.svc.cluster.local:27017, mongodb-2.mongodb-internal.ddibarto-parks-prod.svc.cluster.local:27017], passives=[], arbiters=[], primary='mongodb-0.mongodb-internal.ddibarto-parks-prod.svc.cluster.local:27017', tagSet=TagSet{[]}, electionId=null, setVersion=3}
13:35:11,922 INFO  [org.mongodb.driver.cluster] (cluster-ClusterId{value='5b60658fd1ab2301e2d259d9', description='null'}-mongodb:27017) Adding discovered server mongodb-0.mongodb-internal.ddibarto-parks-prod.svc.cluster.local:27017 to client view of cluster
13:35:11,922 INFO  [org.mongodb.driver.cluster] (cluster-ClusterId{value='5b60658fd1ab2301e2d259d9', description='null'}-mongodb:27017) Adding discovered server mongodb-1.mongodb-internal.ddibarto-parks-prod.svc.cluster.local:27017 to client view of cluster
13:35:11,923 INFO  [org.mongodb.driver.cluster] (cluster-ClusterId{value='5b60658fd1ab2301e2d259d9', description='null'}-mongodb:27017) Adding discovered server mongodb-2.mongodb-internal.ddibarto-parks-prod.svc.cluster.local:27017 to client view of cluster
13:35:11,923 INFO  [org.mongodb.driver.cluster] (cluster-ClusterId{value='5b60658fd1ab2301e2d259d9', description='null'}-mongodb:27017) Canonical address mongodb-1.mongodb-internal.ddibarto-parks-prod.svc.cluster.local:27017 does not match server address.  Removing mongodb:27017 from client view of cluster
13:35:12,231 INFO  [org.mongodb.driver.connection] (cluster-ClusterId{value='5b60658fd1ab2301e2d259d9', description='null'}-mongodb-2.mongodb-internal.ddibarto-parks-prod.svc.cluster.local:27017) Opened connection [connectionId{localValue:4, serverValue:20}] to mongodb-2.mongodb-internal.ddibarto-parks-prod.svc.cluster.local:27017
13:35:12,320 INFO  [org.mongodb.driver.cluster] (cluster-ClusterId{value='5b60658fd1ab2301e2d259d9', description='null'}-mongodb-2.mongodb-internal.ddibarto-parks-prod.svc.cluster.local:27017) Monitor thread successfully connected to server with description ServerDescription{address=mongodb-2.mongodb-internal.ddibarto-parks-prod.svc.cluster.local:27017, type=REPLICA_SET_SECONDARY, state=CONNECTED, ok=true, version=ServerVersion{versionList=[3, 2, 10]}, minWireVersion=0, maxWireVersion=4, maxDocumentSize=16777216, roundTripTimeNanos=88878615, setName='rs0', canonicalAddress=mongodb-2.mongodb-internal.ddibarto-parks-prod.svc.cluster.local:27017, hosts=[mongodb-0.mongodb-internal.ddibarto-parks-prod.svc.cluster.local:27017, mongodb-1.mongodb-internal.ddibarto-parks-prod.svc.cluster.local:27017, mongodb-2.mongodb-internal.ddibarto-parks-prod.svc.cluster.local:27017], passives=[], arbiters=[], primary='mongodb-0.mongodb-internal.ddibarto-parks-prod.svc.cluster.local:27017', tagSet=TagSet{[]}, electionId=null, setVersion=3}
13:35:12,322 INFO  [org.mongodb.driver.connection] (cluster-ClusterId{value='5b60658fd1ab2301e2d259d9', description='null'}-mongodb-0.mongodb-internal.ddibarto-parks-prod.svc.cluster.local:27017) Opened connection [connectionId{localValue:2, serverValue:42}] to mongodb-0.mongodb-internal.ddibarto-parks-prod.svc.cluster.local:27017
13:35:12,322 INFO  [org.mongodb.driver.connection] (cluster-ClusterId{value='5b60658fd1ab2301e2d259d9', description='null'}-mongodb-1.mongodb-internal.ddibarto-parks-prod.svc.cluster.local:27017) Opened connection [connectionId{localValue:3, serverValue:31}] to mongodb-1.mongodb-internal.ddibarto-parks-prod.svc.cluster.local:27017
13:35:12,323 INFO  [org.mongodb.driver.cluster] (cluster-ClusterId{value='5b60658fd1ab2301e2d259d9', description='null'}-mongodb-1.mongodb-internal.ddibarto-parks-prod.svc.cluster.local:27017) Monitor thread successfully connected to server with description ServerDescription{address=mongodb-1.mongodb-internal.ddibarto-parks-prod.svc.cluster.local:27017, type=REPLICA_SET_SECONDARY, state=CONNECTED, ok=true, version=ServerVersion{versionList=[3, 2, 10]}, minWireVersion=0, maxWireVersion=4, maxDocumentSize=16777216, roundTripTimeNanos=605990, setName='rs0', canonicalAddress=mongodb-1.mongodb-internal.ddibarto-parks-prod.svc.cluster.local:27017, hosts=[mongodb-0.mongodb-internal.ddibarto-parks-prod.svc.cluster.local:27017, mongodb-1.mongodb-internal.ddibarto-parks-prod.svc.cluster.local:27017, mongodb-2.mongodb-internal.ddibarto-parks-prod.svc.cluster.local:27017], passives=[], arbiters=[], primary='mongodb-0.mongodb-internal.ddibarto-parks-prod.svc.cluster.local:27017', tagSet=TagSet{[]}, electionId=null, setVersion=3}
13:35:12,323 INFO  [org.mongodb.driver.cluster] (cluster-ClusterId{value='5b60658fd1ab2301e2d259d9', description='null'}-mongodb-0.mongodb-internal.ddibarto-parks-prod.svc.cluster.local:27017) Monitor thread successfully connected to server with description ServerDescription{address=mongodb-0.mongodb-internal.ddibarto-parks-prod.svc.cluster.local:27017, type=REPLICA_SET_PRIMARY, state=CONNECTED, ok=true, version=ServerVersion{versionList=[3, 2, 10]}, minWireVersion=0, maxWireVersion=4, maxDocumentSize=16777216, roundTripTimeNanos=680859, setName='rs0', canonicalAddress=mongodb-0.mongodb-internal.ddibarto-parks-prod.svc.cluster.local:27017, hosts=[mongodb-0.mongodb-internal.ddibarto-parks-prod.svc.cluster.local:27017, mongodb-1.mongodb-internal.ddibarto-parks-prod.svc.cluster.local:27017, mongodb-2.mongodb-internal.ddibarto-parks-prod.svc.cluster.local:27017], passives=[], arbiters=[], primary='mongodb-0.mongodb-internal.ddibarto-parks-prod.svc.cluster.local:27017', tagSet=TagSet{[]}, electionId=7fffffff0000000000000001, setVersion=3}
13:35:12,323 INFO  [org.mongodb.driver.cluster] (cluster-ClusterId{value='5b60658fd1ab2301e2d259d9', description='null'}-mongodb-0.mongodb-internal.ddibarto-parks-prod.svc.cluster.local:27017) Setting max election id to 7fffffff0000000000000001 from replica set primary mongodb-0.mongodb-internal.ddibarto-parks-prod.svc.cluster.local:27017
13:35:12,324 INFO  [org.mongodb.driver.cluster] (cluster-ClusterId{value='5b60658fd1ab2301e2d259d9', description='null'}-mongodb-0.mongodb-internal.ddibarto-parks-prod.svc.cluster.local:27017) Setting max set version to 3 from replica set primary mongodb-0.mongodb-internal.ddibarto-parks-prod.svc.cluster.local:27017
13:35:12,324 INFO  [org.mongodb.driver.cluster] (cluster-ClusterId{value='5b60658fd1ab2301e2d259d9', description='null'}-mongodb-0.mongodb-internal.ddibarto-parks-prod.svc.cluster.local:27017) Discovered replica set primary mongodb-0.mongodb-internal.ddibarto-parks-prod.svc.cluster.local:27017
13:35:12,426 INFO  [org.mongodb.driver.connection] (default task-3) Opened connection [connectionId{localValue:5, serverValue:43}] to mongodb-0.mongodb-internal.ddibarto-parks-prod.svc.cluster.local:27017
13:35:12,434 INFO  [stdout] (default task-3) Items before insert: 30
13:35:12,477 INFO  [stdout] (default task-3) Items droped
13:35:12,477 INFO  [stdout] (default task-3) Items after drop: 0
13:35:13,393 INFO  [stdout] (default task-3) Items after insert: 30
