Starting the Java application using /opt/run-java/run-java.sh ...
exec java -javaagent:/opt/jolokia/jolokia.jar=config=/opt/jolokia/etc/jolokia.properties -Xms256m -Xmx256m -XX:+UseParallelGC -XX:MinHeapFreeRatio=20 -XX:MaxHeapFreeRatio=40 -XX:GCTimeRatio=4 -XX:AdaptiveSizePolicyWeight=90 -XX:MaxMetaspaceSize=100m -XX:ParallelGCThreads=1 -Djava.util.concurrent.ForkJoinPool.common.parallelism=1 -XX:CICompilerCount=2 -XX:+ExitOnOutOfMemoryError -cp . -jar /deployments/nationalparks.jar
I> No access restrictor found, access to any MBean is allowed
Jolokia: Agent started with URL https://10.1.11.133:8778/jolokia/
2018-07-31 13:33:48.623  INFO 1 --- [           main] s.c.a.AnnotationConfigApplicationContext : Refreshing org.springframework.context.annotation.AnnotationConfigApplicationContext@53e25b76: startup date [Tue Jul 31 13:33:48 UTC 2018]; root of context hierarchy
2018-07-31 13:33:50.622  INFO 1 --- [           main] trationDelegate$BeanPostProcessorChecker : Bean 'configurationPropertiesRebinderAutoConfiguration' of type [class org.springframework.cloud.autoconfigure.ConfigurationPropertiesRebinderAutoConfiguration$$EnhancerBySpringCGLIB$$9cafe606] is not eligible for getting processed by all BeanPostProcessors (for example: not eligible for auto-proxying)

  .   ____          _            __ _ _
 /\\ / ___'_ __ _ _(_)_ __  __ _ \ \ \ \
( ( )\___ | '_ | '_| | '_ \/ _` | \ \ \ \
 \\/  ___)| |_)| | | | | || (_| |  ) ) ) )
  '  |____| .__|_| |_|_| |_\__, | / / / /
 =========|_|==============|___/=/_/_/_/
 :: Spring Boot ::        (v1.4.0.RELEASE)

2018-07-31 13:33:52.930  INFO 1 --- [           main] c.o.e.r.parks.NationalParksApplication   : No active profile set, falling back to default profiles: default
2018-07-31 13:33:53.027  INFO 1 --- [           main] ationConfigEmbeddedWebApplicationContext : Refreshing org.springframework.boot.context.embedded.AnnotationConfigEmbeddedWebApplicationContext@7cf10a6f: startup date [Tue Jul 31 13:33:53 UTC 2018]; parent: org.springframework.context.annotation.AnnotationConfigApplicationContext@53e25b76
2018-07-31 13:33:57.134  WARN 1 --- [           main] o.s.c.a.ConfigurationClassPostProcessor  : Cannot enhance @Configuration bean definition 'refreshScope' since its singleton instance has been created too early. The typical cause is a non-static @Bean method with a BeanDefinitionRegistryPostProcessor return type: Consider declaring such methods as 'static'.
2018-07-31 13:33:57.538  INFO 1 --- [           main] o.s.cloud.context.scope.GenericScope     : BeanFactory id=465a090f-c791-3081-ab41-945a326d52b2
2018-07-31 13:33:57.822  INFO 1 --- [           main] trationDelegate$BeanPostProcessorChecker : Bean 'org.springframework.cloud.autoconfigure.ConfigurationPropertiesRebinderAutoConfiguration' of type [class org.springframework.cloud.autoconfigure.ConfigurationPropertiesRebinderAutoConfiguration$$EnhancerBySpringCGLIB$$9cafe606] is not eligible for getting processed by all BeanPostProcessors (for example: not eligible for auto-proxying)
2018-07-31 13:33:59.134  INFO 1 --- [           main] s.b.c.e.t.TomcatEmbeddedServletContainer : Tomcat initialized with port(s): 8080 (http)
2018-07-31 13:33:59.224  INFO 1 --- [           main] o.apache.catalina.core.StandardService   : Starting service Tomcat
2018-07-31 13:33:59.225  INFO 1 --- [           main] org.apache.catalina.core.StandardEngine  : Starting Servlet Engine: Apache Tomcat/8.5.4
2018-07-31 13:33:59.535  INFO 1 --- [ost-startStop-1] o.a.c.c.C.[Tomcat].[localhost].[/]       : Initializing Spring embedded WebApplicationContext
2018-07-31 13:33:59.535  INFO 1 --- [ost-startStop-1] o.s.web.context.ContextLoader            : Root WebApplicationContext: initialization completed in 6508 ms
2018-07-31 13:34:00.223  INFO 1 --- [ost-startStop-1] o.s.b.w.servlet.ServletRegistrationBean  : Mapping servlet: 'dispatcherServlet' to [/]
2018-07-31 13:34:00.226  INFO 1 --- [ost-startStop-1] o.s.b.w.servlet.FilterRegistrationBean   : Mapping filter: 'characterEncodingFilter' to: [/*]
2018-07-31 13:34:00.227  INFO 1 --- [ost-startStop-1] o.s.b.w.servlet.FilterRegistrationBean   : Mapping filter: 'hiddenHttpMethodFilter' to: [/*]
2018-07-31 13:34:00.227  INFO 1 --- [ost-startStop-1] o.s.b.w.servlet.FilterRegistrationBean   : Mapping filter: 'httpPutFormContentFilter' to: [/*]
2018-07-31 13:34:00.227  INFO 1 --- [ost-startStop-1] o.s.b.w.servlet.FilterRegistrationBean   : Mapping filter: 'requestContextFilter' to: [/*]
2018-07-31 13:34:00.433  INFO 1 --- [           main] c.o.e.r.parks.db.MongoDBConnection       : DB_HOST=mongodb
2018-07-31 13:34:00.433  INFO 1 --- [           main] c.o.e.r.parks.db.MongoDBConnection       : DB_PORT=mongodb
2018-07-31 13:34:00.433  INFO 1 --- [           main] c.o.e.r.parks.db.MongoDBConnection       : DB_USERNAME=mongodb
2018-07-31 13:34:00.433  INFO 1 --- [           main] c.o.e.r.parks.db.MongoDBConnection       : DB_PASSWORD=mongodb
2018-07-31 13:34:00.433  INFO 1 --- [           main] c.o.e.r.parks.db.MongoDBConnection       : DB_NAME=parks
2018-07-31 13:34:00.433  INFO 1 --- [           main] c.o.e.r.parks.db.MongoDBConnection       : DB_REPLICASET=rs0
2018-07-31 13:34:00.433  INFO 1 --- [           main] c.o.e.r.parks.db.MongoDBConnection       : Connection string: mongodb://mongodb:mongodb@mongodb:27017/?authSource=parks&replicaSet=rs0
2018-07-31 13:34:00.925  INFO 1 --- [           main] org.mongodb.driver.cluster               : Cluster created with settings {hosts=[mongodb:27017], mode=MULTIPLE, requiredClusterType=REPLICA_SET, serverSelectionTimeout='30000 ms', maxWaitQueueSize=500, requiredReplicaSetName='rs0'}
2018-07-31 13:34:00.925  INFO 1 --- [           main] org.mongodb.driver.cluster               : Adding discovered server mongodb:27017 to client view of cluster
2018-07-31 13:34:01.921  INFO 1 --- [}-mongodb:27017] org.mongodb.driver.connection            : Opened connection [connectionId{localValue:1, serverValue:28}] to mongodb:27017
2018-07-31 13:34:01.924  INFO 1 --- [}-mongodb:27017] org.mongodb.driver.cluster               : Monitor thread successfully connected to server with description ServerDescription{address=mongodb:27017, type=REPLICA_SET_SECONDARY, state=CONNECTED, ok=true, version=ServerVersion{versionList=[3, 2, 10]}, minWireVersion=0, maxWireVersion=4, maxDocumentSize=16777216, roundTripTimeNanos=1101119, setName='rs0', canonicalAddress=mongodb-1.mongodb-internal.ddibarto-parks-prod.svc.cluster.local:27017, hosts=[mongodb-0.mongodb-internal.ddibarto-parks-prod.svc.cluster.local:27017, mongodb-1.mongodb-internal.ddibarto-parks-prod.svc.cluster.local:27017, mongodb-2.mongodb-internal.ddibarto-parks-prod.svc.cluster.local:27017], passives=[], arbiters=[], primary='mongodb-0.mongodb-internal.ddibarto-parks-prod.svc.cluster.local:27017', tagSet=TagSet{[]}, electionId=null, setVersion=3}
2018-07-31 13:34:01.925  INFO 1 --- [}-mongodb:27017] org.mongodb.driver.cluster               : Adding discovered server mongodb-0.mongodb-internal.ddibarto-parks-prod.svc.cluster.local:27017 to client view of cluster
2018-07-31 13:34:01.926  INFO 1 --- [}-mongodb:27017] org.mongodb.driver.cluster               : Adding discovered server mongodb-1.mongodb-internal.ddibarto-parks-prod.svc.cluster.local:27017 to client view of cluster
2018-07-31 13:34:01.926  INFO 1 --- [}-mongodb:27017] org.mongodb.driver.cluster               : Adding discovered server mongodb-2.mongodb-internal.ddibarto-parks-prod.svc.cluster.local:27017 to client view of cluster
2018-07-31 13:34:01.927  INFO 1 --- [}-mongodb:27017] org.mongodb.driver.cluster               : Canonical address mongodb-1.mongodb-internal.ddibarto-parks-prod.svc.cluster.local:27017 does not match server address.  Removing mongodb:27017 from client view of cluster
2018-07-31 13:34:02.323  INFO 1 --- [ter.local:27017] org.mongodb.driver.connection            : Opened connection [connectionId{localValue:4, serverValue:19}] to mongodb-2.mongodb-internal.ddibarto-parks-prod.svc.cluster.local:27017
2018-07-31 13:34:02.325  INFO 1 --- [ter.local:27017] org.mongodb.driver.cluster               : Monitor thread successfully connected to server with description ServerDescription{address=mongodb-2.mongodb-internal.ddibarto-parks-prod.svc.cluster.local:27017, type=REPLICA_SET_SECONDARY, state=CONNECTED, ok=true, version=ServerVersion{versionList=[3, 2, 10]}, minWireVersion=0, maxWireVersion=4, maxDocumentSize=16777216, roundTripTimeNanos=973138, setName='rs0', canonicalAddress=mongodb-2.mongodb-internal.ddibarto-parks-prod.svc.cluster.local:27017, hosts=[mongodb-0.mongodb-internal.ddibarto-parks-prod.svc.cluster.local:27017, mongodb-1.mongodb-internal.ddibarto-parks-prod.svc.cluster.local:27017, mongodb-2.mongodb-internal.ddibarto-parks-prod.svc.cluster.local:27017], passives=[], arbiters=[], primary='mongodb-0.mongodb-internal.ddibarto-parks-prod.svc.cluster.local:27017', tagSet=TagSet{[]}, electionId=null, setVersion=3}
2018-07-31 13:34:02.429  INFO 1 --- [ter.local:27017] org.mongodb.driver.connection            : Opened connection [connectionId{localValue:2, serverValue:41}] to mongodb-0.mongodb-internal.ddibarto-parks-prod.svc.cluster.local:27017
2018-07-31 13:34:02.429  INFO 1 --- [ter.local:27017] org.mongodb.driver.connection            : Opened connection [connectionId{localValue:3, serverValue:29}] to mongodb-1.mongodb-internal.ddibarto-parks-prod.svc.cluster.local:27017
2018-07-31 13:34:02.430  INFO 1 --- [ter.local:27017] org.mongodb.driver.cluster               : Monitor thread successfully connected to server with description ServerDescription{address=mongodb-1.mongodb-internal.ddibarto-parks-prod.svc.cluster.local:27017, type=REPLICA_SET_SECONDARY, state=CONNECTED, ok=true, version=ServerVersion{versionList=[3, 2, 10]}, minWireVersion=0, maxWireVersion=4, maxDocumentSize=16777216, roundTripTimeNanos=681331, setName='rs0', canonicalAddress=mongodb-1.mongodb-internal.ddibarto-parks-prod.svc.cluster.local:27017, hosts=[mongodb-0.mongodb-internal.ddibarto-parks-prod.svc.cluster.local:27017, mongodb-1.mongodb-internal.ddibarto-parks-prod.svc.cluster.local:27017, mongodb-2.mongodb-internal.ddibarto-parks-prod.svc.cluster.local:27017], passives=[], arbiters=[], primary='mongodb-0.mongodb-internal.ddibarto-parks-prod.svc.cluster.local:27017', tagSet=TagSet{[]}, electionId=null, setVersion=3}
2018-07-31 13:34:02.430  INFO 1 --- [ter.local:27017] org.mongodb.driver.cluster               : Monitor thread successfully connected to server with description ServerDescription{address=mongodb-0.mongodb-internal.ddibarto-parks-prod.svc.cluster.local:27017, type=REPLICA_SET_PRIMARY, state=CONNECTED, ok=true, version=ServerVersion{versionList=[3, 2, 10]}, minWireVersion=0, maxWireVersion=4, maxDocumentSize=16777216, roundTripTimeNanos=800300, setName='rs0', canonicalAddress=mongodb-0.mongodb-internal.ddibarto-parks-prod.svc.cluster.local:27017, hosts=[mongodb-0.mongodb-internal.ddibarto-parks-prod.svc.cluster.local:27017, mongodb-1.mongodb-internal.ddibarto-parks-prod.svc.cluster.local:27017, mongodb-2.mongodb-internal.ddibarto-parks-prod.svc.cluster.local:27017], passives=[], arbiters=[], primary='mongodb-0.mongodb-internal.ddibarto-parks-prod.svc.cluster.local:27017', tagSet=TagSet{[]}, electionId=7fffffff0000000000000001, setVersion=3}
2018-07-31 13:34:02.431  INFO 1 --- [ter.local:27017] org.mongodb.driver.cluster               : Setting max election id to 7fffffff0000000000000001 from replica set primary mongodb-0.mongodb-internal.ddibarto-parks-prod.svc.cluster.local:27017
2018-07-31 13:34:02.431  INFO 1 --- [ter.local:27017] org.mongodb.driver.cluster               : Setting max set version to 3 from replica set primary mongodb-0.mongodb-internal.ddibarto-parks-prod.svc.cluster.local:27017
2018-07-31 13:34:02.431  INFO 1 --- [ter.local:27017] org.mongodb.driver.cluster               : Discovered replica set primary mongodb-0.mongodb-internal.ddibarto-parks-prod.svc.cluster.local:27017
2018-07-31 13:34:03.142  INFO 1 --- [           main] s.w.s.m.m.a.RequestMappingHandlerAdapter : Looking for @ControllerAdvice: org.springframework.boot.context.embedded.AnnotationConfigEmbeddedWebApplicationContext@7cf10a6f: startup date [Tue Jul 31 13:33:53 UTC 2018]; parent: org.springframework.context.annotation.AnnotationConfigApplicationContext@53e25b76
2018-07-31 13:34:03.522  INFO 1 --- [           main] s.w.s.m.m.a.RequestMappingHandlerMapping : Mapped "{[/ws/data/centered],methods=[GET],produces=[application/json]}" onto public java.util.List<com.openshift.evg.roadshow.parks.model.Park> com.openshift.evg.roadshow.parks.rest.Parks.findParksCentered(float,float,int,int)
2018-07-31 13:34:03.524  INFO 1 --- [           main] s.w.s.m.m.a.RequestMappingHandlerMapping : Mapped "{[/ws/data/within],methods=[GET],produces=[application/json]}" onto public java.util.List<com.openshift.evg.roadshow.parks.model.Park> com.openshift.evg.roadshow.parks.rest.Parks.findParksWithin(float,float,float,float)
2018-07-31 13:34:03.525  INFO 1 --- [           main] s.w.s.m.m.a.RequestMappingHandlerMapping : Mapped "{[/ws/data/all],methods=[GET],produces=[application/json]}" onto public java.util.List<com.openshift.evg.roadshow.parks.model.Park> com.openshift.evg.roadshow.parks.rest.Parks.getAllParks()
2018-07-31 13:34:03.525  INFO 1 --- [           main] s.w.s.m.m.a.RequestMappingHandlerMapping : Mapped "{[/ws/data/load],methods=[GET],produces=[application/json]}" onto public java.lang.String com.openshift.evg.roadshow.parks.rest.Parks.load()
2018-07-31 13:34:03.526  INFO 1 --- [           main] s.w.s.m.m.a.RequestMappingHandlerMapping : Mapped "{[/ws/info/],methods=[GET],produces=[application/json]}" onto public com.openshift.evg.roadshow.rest.gateway.model.Backend com.openshift.evg.roadshow.parks.rest.BackendController.get()
2018-07-31 13:34:03.526  INFO 1 --- [           main] s.w.s.m.m.a.RequestMappingHandlerMapping : Mapped "{[/ws/healthz/],methods=[GET]}" onto public java.lang.String com.openshift.evg.roadshow.parks.rest.Healthz.healthz()
2018-07-31 13:34:03.528  INFO 1 --- [           main] s.w.s.m.m.a.RequestMappingHandlerMapping : Mapped "{[/error],produces=[text/html]}" onto public org.springframework.web.servlet.ModelAndView org.springframework.boot.autoconfigure.web.BasicErrorController.errorHtml(javax.servlet.http.HttpServletRequest,javax.servlet.http.HttpServletResponse)
2018-07-31 13:34:03.528  INFO 1 --- [           main] s.w.s.m.m.a.RequestMappingHandlerMapping : Mapped "{[/error]}" onto public org.springframework.http.ResponseEntity<java.util.Map<java.lang.String, java.lang.Object>> org.springframework.boot.autoconfigure.web.BasicErrorController.error(javax.servlet.http.HttpServletRequest)
2018-07-31 13:34:03.633  INFO 1 --- [           main] o.s.w.s.handler.SimpleUrlHandlerMapping  : Mapped URL path [/webjars/**] onto handler of type [class org.springframework.web.servlet.resource.ResourceHttpRequestHandler]
2018-07-31 13:34:03.633  INFO 1 --- [           main] o.s.w.s.handler.SimpleUrlHandlerMapping  : Mapped URL path [/**] onto handler of type [class org.springframework.web.servlet.resource.ResourceHttpRequestHandler]
2018-07-31 13:34:04.226  INFO 1 --- [           main] o.s.w.s.handler.SimpleUrlHandlerMapping  : Mapped URL path [/**/favicon.ico] onto handler of type [class org.springframework.web.servlet.resource.ResourceHttpRequestHandler]
2018-07-31 13:34:04.830  INFO 1 --- [           main] o.s.j.e.a.AnnotationMBeanExporter        : Registering beans for JMX exposure on startup
2018-07-31 13:34:04.837  INFO 1 --- [           main] o.s.j.e.a.AnnotationMBeanExporter        : Bean with name 'configurationPropertiesRebinder' has been autodetected for JMX exposure
2018-07-31 13:34:04.838  INFO 1 --- [           main] o.s.j.e.a.AnnotationMBeanExporter        : Bean with name 'refreshScope' has been autodetected for JMX exposure
2018-07-31 13:34:04.839  INFO 1 --- [           main] o.s.j.e.a.AnnotationMBeanExporter        : Bean with name 'environmentManager' has been autodetected for JMX exposure
2018-07-31 13:34:04.840  INFO 1 --- [           main] o.s.j.e.a.AnnotationMBeanExporter        : Located managed bean 'environmentManager': registering with JMX server as MBean [org.springframework.cloud.context.environment:name=environmentManager,type=EnvironmentManager]
2018-07-31 13:34:04.932  INFO 1 --- [           main] o.s.j.e.a.AnnotationMBeanExporter        : Located managed bean 'refreshScope': registering with JMX server as MBean [org.springframework.cloud.context.scope.refresh:name=refreshScope,type=RefreshScope]
2018-07-31 13:34:05.022  INFO 1 --- [           main] o.s.j.e.a.AnnotationMBeanExporter        : Located managed bean 'configurationPropertiesRebinder': registering with JMX server as MBean [org.springframework.cloud.context.properties:name=configurationPropertiesRebinder,context=7cf10a6f,type=ConfigurationPropertiesRebinder]
2018-07-31 13:34:05.530  INFO 1 --- [           main] s.b.c.e.t.TomcatEmbeddedServletContainer : Tomcat started on port(s): 8080 (http)
2018-07-31 13:34:05.533  INFO 1 --- [           main] c.o.e.r.parks.NationalParksApplication   : Started NationalParksApplication in 20.509 seconds (JVM running for 24.459)
2018-07-31 13:35:45.737  INFO 1 --- [nio-8080-exec-1] o.a.c.c.C.[Tomcat].[localhost].[/]       : Initializing Spring FrameworkServlet 'dispatcherServlet'
2018-07-31 13:35:45.737  INFO 1 --- [nio-8080-exec-1] o.s.web.servlet.DispatcherServlet        : FrameworkServlet 'dispatcherServlet': initialization started
2018-07-31 13:35:45.749  INFO 1 --- [nio-8080-exec-1] o.s.web.servlet.DispatcherServlet        : FrameworkServlet 'dispatcherServlet': initialization completed in 12 ms
2018-07-31 13:36:04.848  INFO 1 --- [nio-8080-exec-3] c.o.evg.roadshow.parks.rest.Parks        : load()
2018-07-31 13:36:05.328  INFO 1 --- [nio-8080-exec-3] org.mongodb.driver.connection            : Opened connection [connectionId{localValue:5, serverValue:47}] to mongodb-0.mongodb-internal.ddibarto-parks-prod.svc.cluster.local:27017
