Starting the Java application using /opt/run-java/run-java.sh ...
exec java -javaagent:/opt/jolokia/jolokia.jar=config=/opt/jolokia/etc/jolokia.properties -Xms256m -Xmx256m -XX:+UseParallelGC -XX:MinHeapFreeRatio=20 -XX:MaxHeapFreeRatio=40 -XX:GCTimeRatio=4 -XX:AdaptiveSizePolicyWeight=90 -XX:MaxMetaspaceSize=100m -XX:ParallelGCThreads=1 -Djava.util.concurrent.ForkJoinPool.common.parallelism=1 -XX:CICompilerCount=2 -XX:+ExitOnOutOfMemoryError -cp . -jar /deployments/parksmap.jar
13:34:10.705 [main] DEBUG io.fabric8.kubernetes.client.Config - Trying to configure client from Kubernetes config...
13:34:10.891 [main] DEBUG io.fabric8.kubernetes.client.Config - Did not find Kubernetes config at: [/home/jboss/.kube/config]. Ignoring.
13:34:10.891 [main] DEBUG io.fabric8.kubernetes.client.Config - Trying to configure client from service account...
13:34:10.892 [main] DEBUG io.fabric8.kubernetes.client.Config - Found service account ca cert at: [/var/run/secrets/kubernetes.io/serviceaccount/ca.crt].
13:34:10.900 [main] DEBUG io.fabric8.kubernetes.client.Config - Found service account token at: [/var/run/secrets/kubernetes.io/serviceaccount/token].
13:34:10.900 [main] DEBUG io.fabric8.kubernetes.client.Config - Trying to configure client namespace from Kubernetes service account namespace path...
13:34:10.900 [main] DEBUG io.fabric8.kubernetes.client.Config - Found service account namespace at: [/var/run/secrets/kubernetes.io/serviceaccount/namespace].
I> No access restrictor found, access to any MBean is allowed
Jolokia: Agent started with URL https://10.1.16.242:8778/jolokia/
2018-07-31 13:34:20.590  INFO 1 --- [           main] s.c.a.AnnotationConfigApplicationContext : Refreshing org.springframework.context.annotation.AnnotationConfigApplicationContext@6a38e57f: startup date [Tue Jul 31 13:34:20 UTC 2018]; root of context hierarchy
2018-07-31 13:34:21.802  INFO 1 --- [           main] trationDelegate$BeanPostProcessorChecker : Bean 'configurationPropertiesRebinderAutoConfiguration' of type [class org.springframework.cloud.autoconfigure.ConfigurationPropertiesRebinderAutoConfiguration$$EnhancerBySpringCGLIB$$1ca5fd46] is not eligible for getting processed by all BeanPostProcessors (for example: not eligible for auto-proxying)

  .   ____          _            __ _ _
 /\\ / ___'_ __ _ _(_)_ __  __ _ \ \ \ \
( ( )\___ | '_ | '_| | '_ \/ _` | \ \ \ \
 \\/  ___)| |_)| | | | | || (_| |  ) ) ) )
  '  |____| .__|_| |_|_| |_\__, | / / / /
 =========|_|==============|___/=/_/_/_/
 :: Spring Boot ::        (v1.4.0.RELEASE)

2018-07-31 13:34:24.110  INFO 1 --- [           main] b.c.PropertySourceBootstrapConfiguration : Located property source: ConfigMapPropertySource [name='configmap.parksmap.ddibarto-parks-prod']
2018-07-31 13:34:24.258  INFO 1 --- [           main] c.o.evg.roadshow.ParksMapApplication     : The following profiles are active: kubernetes
2018-07-31 13:34:24.309  INFO 1 --- [           main] ationConfigEmbeddedWebApplicationContext : Refreshing org.springframework.boot.context.embedded.AnnotationConfigEmbeddedWebApplicationContext@5e853265: startup date [Tue Jul 31 13:34:24 UTC 2018]; parent: org.springframework.context.annotation.AnnotationConfigApplicationContext@6a38e57f
2018-07-31 13:34:28.197  WARN 1 --- [           main] o.s.c.a.ConfigurationClassPostProcessor  : Cannot enhance @Configuration bean definition 'refreshScope' since its singleton instance has been created too early. The typical cause is a non-static @Bean method with a BeanDefinitionRegistryPostProcessor return type: Consider declaring such methods as 'static'.
2018-07-31 13:34:28.796  INFO 1 --- [           main] o.s.cloud.context.scope.GenericScope     : BeanFactory id=661480ca-f151-306a-a348-47914ecd2165
2018-07-31 13:34:28.995  INFO 1 --- [           main] trationDelegate$BeanPostProcessorChecker : Bean 'org.springframework.cloud.autoconfigure.ConfigurationPropertiesRebinderAutoConfiguration' of type [class org.springframework.cloud.autoconfigure.ConfigurationPropertiesRebinderAutoConfiguration$$EnhancerBySpringCGLIB$$1ca5fd46] is not eligible for getting processed by all BeanPostProcessors (for example: not eligible for auto-proxying)
2018-07-31 13:34:30.794  INFO 1 --- [           main] s.b.c.e.t.TomcatEmbeddedServletContainer : Tomcat initialized with port(s): 8080 (http)
2018-07-31 13:34:30.807  INFO 1 --- [           main] o.apache.catalina.core.StandardService   : Starting service Tomcat
2018-07-31 13:34:30.808  INFO 1 --- [           main] org.apache.catalina.core.StandardEngine  : Starting Servlet Engine: Apache Tomcat/8.5.4
2018-07-31 13:34:31.195  INFO 1 --- [ost-startStop-1] o.a.c.c.C.[Tomcat].[localhost].[/]       : Initializing Spring embedded WebApplicationContext
2018-07-31 13:34:31.195  INFO 1 --- [ost-startStop-1] o.s.web.context.ContextLoader            : Root WebApplicationContext: initialization completed in 6886 ms
2018-07-31 13:34:32.205  INFO 1 --- [ost-startStop-1] o.s.b.w.servlet.ServletRegistrationBean  : Mapping servlet: 'dispatcherServlet' to [/]
2018-07-31 13:34:32.290  INFO 1 --- [ost-startStop-1] o.s.b.w.servlet.FilterRegistrationBean   : Mapping filter: 'metricFilter' to: [/*]
2018-07-31 13:34:32.291  INFO 1 --- [ost-startStop-1] o.s.b.w.servlet.FilterRegistrationBean   : Mapping filter: 'characterEncodingFilter' to: [/*]
2018-07-31 13:34:32.291  INFO 1 --- [ost-startStop-1] o.s.b.w.servlet.FilterRegistrationBean   : Mapping filter: 'hiddenHttpMethodFilter' to: [/*]
2018-07-31 13:34:32.291  INFO 1 --- [ost-startStop-1] o.s.b.w.servlet.FilterRegistrationBean   : Mapping filter: 'httpPutFormContentFilter' to: [/*]
2018-07-31 13:34:32.291  INFO 1 --- [ost-startStop-1] o.s.b.w.servlet.FilterRegistrationBean   : Mapping filter: 'requestContextFilter' to: [/*]
2018-07-31 13:34:32.291  INFO 1 --- [ost-startStop-1] o.s.b.w.servlet.FilterRegistrationBean   : Mapping filter: 'webRequestLoggingFilter' to: [/*]
2018-07-31 13:34:32.292  INFO 1 --- [ost-startStop-1] o.s.b.w.servlet.FilterRegistrationBean   : Mapping filter: 'applicationContextIdFilter' to: [/*]
2018-07-31 13:34:33.293  INFO 1 --- [           main] o.s.s.concurrent.ThreadPoolTaskExecutor  : Initializing ExecutorService  'clientInboundChannelExecutor'
2018-07-31 13:34:33.300  INFO 1 --- [           main] o.s.s.concurrent.ThreadPoolTaskExecutor  : Initializing ExecutorService  'clientOutboundChannelExecutor'
2018-07-31 13:34:33.395  INFO 1 --- [           main] c.o.e.r.rest.AbstractResourceWatcher     : WK: cleanUp
2018-07-31 13:34:33.395  INFO 1 --- [           main] c.o.e.r.rest.AbstractResourceWatcher     : Watching for resources started
2018-07-31 13:34:33.396  INFO 1 --- [           main] c.o.e.r.rest.AbstractResourceWatcher     : [INFO] ------------------ ddibarto-parks-prod
2018-07-31 13:34:33.499  INFO 1 --- [           main] c.o.evg.roadshow.rest.ServiceWatcher     : listWatchedResources(): []
2018-07-31 13:34:33.502  INFO 1 --- [           main] c.o.evg.roadshow.rest.ServiceWatcher     : doInit()
2018-07-31 13:34:33.698  INFO 1 --- [           main] c.o.e.r.rest.AbstractResourceWatcher     : WK: cleanUp
2018-07-31 13:34:33.698  INFO 1 --- [           main] c.o.e.r.rest.AbstractResourceWatcher     : Watching for resources started
2018-07-31 13:34:33.699  INFO 1 --- [           main] c.o.e.r.rest.AbstractResourceWatcher     : [INFO] ------------------ ddibarto-parks-prod
2018-07-31 13:34:33.699  INFO 1 --- [           main] c.o.evg.roadshow.rest.ServiceWatcher     : listWatchedResources()
2018-07-31 13:34:33.798  INFO 1 --- [           main] c.o.e.r.rest.AbstractResourceWatcher     : Adding watcher for resource mlbparks-green
2018-07-31 13:34:33.799  INFO 1 --- [           main] c.o.e.r.r.g.helpers.EndpointWatcher      : WK: EndpointWatcher created for: endpoints/mlbparks-green -n ddibarto-parks-prod
2018-07-31 13:34:33.799  INFO 1 --- [           main] c.o.e.r.r.g.helpers.EndpointWatcher      : WK: in hasEndpoints.
2018-07-31 13:34:33.810  INFO 1 --- [           main] c.o.e.r.r.g.helpers.EndpointWatcher      : WK: in hasEndpoints(Endpoints)
2018-07-31 13:34:33.810  INFO 1 --- [           main] c.o.e.r.r.g.helpers.EndpointWatcher      : WK: in getEndpointsAddressSize
2018-07-31 13:34:33.811  INFO 1 --- [           main] c.o.e.r.r.g.helpers.EndpointWatcher      : WK: Endpoints: Endpoints(apiVersion=v1, kind=Endpoints, metadata=ObjectMeta(annotations=null, creationTimestamp=2018-07-31T13:17:59Z, deletionGracePeriodSeconds=null, deletionTimestamp=null, generateName=null, generation=null, labels={type=parksmap-backend}, name=mlbparks-green, namespace=ddibarto-parks-prod, resourceVersion=27037716, selfLink=/api/v1/namespaces/ddibarto-parks-prod/endpoints/mlbparks-green, uid=251bbdfb-94c4-11e8-9a19-0220bffb280e, additionalProperties={}), subsets=null, additionalProperties={})
2018-07-31 13:34:33.811  WARN 1 --- [           main] ationConfigEmbeddedWebApplicationContext : Exception encountered during context initialization - cancelling refresh attempt: org.springframework.beans.factory.BeanCreationException: Error creating bean with name 'backendsController': Invocation of init method failed; nested exception is java.lang.NullPointerException
2018-07-31 13:34:33.812  INFO 1 --- [           main] o.s.s.concurrent.ThreadPoolTaskExecutor  : Shutting down ExecutorService 'clientOutboundChannelExecutor'
2018-07-31 13:34:33.812  INFO 1 --- [           main] o.s.s.concurrent.ThreadPoolTaskExecutor  : Shutting down ExecutorService 'clientInboundChannelExecutor'
2018-07-31 13:34:33.815  INFO 1 --- [           main] o.apache.catalina.core.StandardService   : Stopping service Tomcat
2018-07-31 13:34:33.913  INFO 1 --- [           main] utoConfigurationReportLoggingInitializer :

Error starting ApplicationContext. To display the auto-configuration report enable debug logging (start with --debug)


2018-07-31 13:34:34.000 ERROR 1 --- [           main] o.s.boot.SpringApplication               : Application startup failed

org.springframework.beans.factory.BeanCreationException: Error creating bean with name 'backendsController': Invocation of init method failed; nested exception is java.lang.NullPointerException
	at org.springframework.beans.factory.annotation.InitDestroyAnnotationBeanPostProcessor.postProcessBeforeInitialization(InitDestroyAnnotationBeanPostProcessor.java:136) ~[spring-beans-4.3.2.RELEASE.jar!/:4.3.2.RELEASE]
	at org.springframework.beans.factory.support.AbstractAutowireCapableBeanFactory.applyBeanPostProcessorsBeforeInitialization(AbstractAutowireCapableBeanFactory.java:408) ~[spring-beans-4.3.2.RELEASE.jar!/:4.3.2.RELEASE]
	at org.springframework.beans.factory.support.AbstractAutowireCapableBeanFactory.initializeBean(AbstractAutowireCapableBeanFactory.java:1570) ~[spring-beans-4.3.2.RELEASE.jar!/:4.3.2.RELEASE]
	at org.springframework.beans.factory.support.AbstractAutowireCapableBeanFactory.doCreateBean(AbstractAutowireCapableBeanFactory.java:545) ~[spring-beans-4.3.2.RELEASE.jar!/:4.3.2.RELEASE]
	at org.springframework.beans.factory.support.AbstractAutowireCapableBeanFactory.createBean(AbstractAutowireCapableBeanFactory.java:482) ~[spring-beans-4.3.2.RELEASE.jar!/:4.3.2.RELEASE]
	at org.springframework.beans.factory.support.AbstractBeanFactory$1.getObject(AbstractBeanFactory.java:306) ~[spring-beans-4.3.2.RELEASE.jar!/:4.3.2.RELEASE]
	at org.springframework.beans.factory.support.DefaultSingletonBeanRegistry.getSingleton(DefaultSingletonBeanRegistry.java:230) ~[spring-beans-4.3.2.RELEASE.jar!/:4.3.2.RELEASE]
	at org.springframework.beans.factory.support.AbstractBeanFactory.doGetBean(AbstractBeanFactory.java:302) ~[spring-beans-4.3.2.RELEASE.jar!/:4.3.2.RELEASE]
	at org.springframework.beans.factory.support.AbstractBeanFactory.getBean(AbstractBeanFactory.java:197) ~[spring-beans-4.3.2.RELEASE.jar!/:4.3.2.RELEASE]
	at org.springframework.beans.factory.support.DefaultListableBeanFactory.preInstantiateSingletons(DefaultListableBeanFactory.java:776) ~[spring-beans-4.3.2.RELEASE.jar!/:4.3.2.RELEASE]
	at org.springframework.context.support.AbstractApplicationContext.finishBeanFactoryInitialization(AbstractApplicationContext.java:861) ~[spring-context-4.3.2.RELEASE.jar!/:4.3.2.RELEASE]
	at org.springframework.context.support.AbstractApplicationContext.refresh(AbstractApplicationContext.java:541) ~[spring-context-4.3.2.RELEASE.jar!/:4.3.2.RELEASE]
	at org.springframework.boot.context.embedded.EmbeddedWebApplicationContext.refresh(EmbeddedWebApplicationContext.java:122) ~[spring-boot-1.4.0.RELEASE.jar!/:1.4.0.RELEASE]
	at org.springframework.boot.SpringApplication.refresh(SpringApplication.java:759) [spring-boot-1.4.0.RELEASE.jar!/:1.4.0.RELEASE]
	at org.springframework.boot.SpringApplication.refreshContext(SpringApplication.java:369) [spring-boot-1.4.0.RELEASE.jar!/:1.4.0.RELEASE]
	at org.springframework.boot.SpringApplication.run(SpringApplication.java:313) [spring-boot-1.4.0.RELEASE.jar!/:1.4.0.RELEASE]
	at org.springframework.boot.SpringApplication.run(SpringApplication.java:1185) [spring-boot-1.4.0.RELEASE.jar!/:1.4.0.RELEASE]
	at org.springframework.boot.SpringApplication.run(SpringApplication.java:1174) [spring-boot-1.4.0.RELEASE.jar!/:1.4.0.RELEASE]
	at com.openshift.evg.roadshow.ParksMapApplication.main(ParksMapApplication.java:15) [classes!/:1.0]
	at sun.reflect.NativeMethodAccessorImpl.invoke0(Native Method) ~[na:1.8.0_161]
	at sun.reflect.NativeMethodAccessorImpl.invoke(NativeMethodAccessorImpl.java:62) ~[na:1.8.0_161]
	at sun.reflect.DelegatingMethodAccessorImpl.invoke(DelegatingMethodAccessorImpl.java:43) ~[na:1.8.0_161]
	at java.lang.reflect.Method.invoke(Method.java:498) ~[na:1.8.0_161]
	at org.springframework.boot.loader.MainMethodRunner.run(MainMethodRunner.java:48) [parksmap.jar:1.0]
	at org.springframework.boot.loader.Launcher.launch(Launcher.java:87) [parksmap.jar:1.0]
	at org.springframework.boot.loader.Launcher.launch(Launcher.java:50) [parksmap.jar:1.0]
	at org.springframework.boot.loader.JarLauncher.main(JarLauncher.java:58) [parksmap.jar:1.0]
Caused by: java.lang.NullPointerException: null
	at com.openshift.evg.roadshow.rest.gateway.helpers.EndpointWatcher.getEndpointsAddressSize(EndpointWatcher.java:77) ~[classes!/:1.0]
	at com.openshift.evg.roadshow.rest.gateway.helpers.EndpointWatcher.hasEndpoints(EndpointWatcher.java:61) ~[classes!/:1.0]
	at com.openshift.evg.roadshow.rest.gateway.helpers.EndpointWatcher.hasEndpoints(EndpointWatcher.java:56) ~[classes!/:1.0]
	at com.openshift.evg.roadshow.rest.gateway.helpers.EndpointWatcher.<init>(EndpointWatcher.java:41) ~[classes!/:1.0]
	at com.openshift.evg.roadshow.rest.AbstractResourceWatcher.init(AbstractResourceWatcher.java:125) ~[classes!/:1.0]
	at com.openshift.evg.roadshow.rest.BackendsController.init(BackendsController.java:64) ~[classes!/:1.0]
	at sun.reflect.NativeMethodAccessorImpl.invoke0(Native Method) ~[na:1.8.0_161]
	at sun.reflect.NativeMethodAccessorImpl.invoke(NativeMethodAccessorImpl.java:62) ~[na:1.8.0_161]
	at sun.reflect.DelegatingMethodAccessorImpl.invoke(DelegatingMethodAccessorImpl.java:43) ~[na:1.8.0_161]
	at java.lang.reflect.Method.invoke(Method.java:498) ~[na:1.8.0_161]
	at org.springframework.beans.factory.annotation.InitDestroyAnnotationBeanPostProcessor$LifecycleElement.invoke(InitDestroyAnnotationBeanPostProcessor.java:365) ~[spring-beans-4.3.2.RELEASE.jar!/:4.3.2.RELEASE]
	at org.springframework.beans.factory.annotation.InitDestroyAnnotationBeanPostProcessor$LifecycleMetadata.invokeInitMethods(InitDestroyAnnotationBeanPostProcessor.java:310) ~[spring-beans-4.3.2.RELEASE.jar!/:4.3.2.RELEASE]
	at org.springframework.beans.factory.annotation.InitDestroyAnnotationBeanPostProcessor.postProcessBeforeInitialization(InitDestroyAnnotationBeanPostProcessor.java:133) ~[spring-beans-4.3.2.RELEASE.jar!/:4.3.2.RELEASE]
	... 26 common frames omitted
